<?xml version="1.0" encoding="UTF-8"?>
<!-- Generated by org.testng.reporters.JUnitReportReporter -->
<testsuite skipped="0" hostname="ws-kv-cp3404" name="Testcases.SumTest" tests="1" failures="0" timestamp="25 Mar 2020 22:23:43 GMT" time="0.024" errors="0">
  <testcase name="sumPositiveTest" time="0.024" classname="Testcases.SumTest"/>
</testsuite> <!-- Testcases.SumTest -->
